<?xml version="1.0" encoding="UTF-8"?>
<!-- Generated by org.testng.reporters.JUnitXMLReporter -->
<testsuite ignored="0" hostname="30D001" failures="0" tests="8" name="Test" time="0.078" errors="0" timestamp="2024-05-24T22:01:43 CET">
  <testcase classname="com.qacard.LoginScreenTest" name="LoginWithValidEmail" time="0.008"/>
  <testcase classname="com.qacard.LoginScreenTest" name="LoginWithValidPassword" time="0.002"/>
  <testcase classname="com.qacard.LoginScreenTest" name="LoginWithValidCredentials" time="0.002"/>
  <testcase classname="com.qacard.LoginScreenTest" name="ClickSignuponLogin" time="0.001"/>
  <testcase classname="com.qacard.NewTaskScreenTest" name="AddNewTask" time="0.001"/>
  <testcase classname="com.qacard.NewTaskScreenTest" name="listTasks" time="0.001"/>
  <testcase classname="com.qacard.NewTaskScreenTest" name="pressOnCancel" time="0.003"/>
  <testcase classname="com.qacard.TasksScreenTest" name="Logout" time="0.002"/>
</testsuite> <!-- Test -->
